<?xml version="1.0" encoding="UTF-8"?>
<!-- Generated by org.testng.reporters.JUnitReportReporter -->
<testsuite skipped="0" hostname="SUGGALA" name="postData" tests="1" failures="0" timestamp="06 Feb 2018 23:05:58 GMT" time="0.373" errors="0">
  <testcase name="PostTest" time="0.373" classname="postData"/>
</testsuite> <!-- postData -->
