<?xml version="1.0" encoding="UTF-8"?>
<!-- Generated by org.testng.reporters.JUnitReportReporter -->
<testsuite skipped="0" hostname="SUGGALA" name="getAuthors" tests="1" failures="0" timestamp="08 Feb 2018 17:07:55 GMT" time="2.478" errors="0">
  <testcase name="Test" time="2.478" classname="getAuthors"/>
</testsuite> <!-- getAuthors -->
