<?xml version="1.0" encoding="UTF-8"?>
<!-- Generated by org.testng.reporters.JUnitReportReporter -->
<testsuite skipped="0" hostname="SUGGALA" name="deleteAuthors" tests="1" failures="0" timestamp="08 Feb 2018 18:39:29 GMT" time="2.589" errors="0">
  <testcase name="AddandDeleteTest" time="2.589" classname="deleteAuthors"/>
</testsuite> <!-- deleteAuthors -->
