<?xml version="1.0" encoding="UTF-8"?>
<!-- Generated by org.testng.reporters.JUnitReportReporter -->
<testsuite skipped="0" hostname="SUGGALA" name="basics3" tests="1" failures="0" timestamp="06 Feb 2018 23:05:58 GMT" time="4.518" errors="0">
  <testcase name="AddandDeleteTest" time="4.518" classname="basics3"/>
</testsuite> <!-- basics3 -->
